********************************************************************************
DUPLICATOR-LITE PACKAGE-LOG: April 12, 2020 5:41 pm
NOTICE: Do NOT post to public sites or forums 
********************************************************************************
VERSION:	1.3.28
WORDPRESS:	5.4
PHP INFO:	7.3.5 | SAPI: cgi-fcgi
SERVER:		nginx/1.16.0 
PHP TIME LIMIT: (0) no time limit imposed 
PHP MAX MEMORY: 4294967296 (256M default) 
MEMORY STACK: 2MB

********************************************************************************
DATABASE:
********************************************************************************
BUILD MODE:   PHP(query limit - 100)
MYSQLTIMEOUT: 5000
MYSQLDUMP:    Not Supported
TABLES: total:13 | filtered:0 | create:13
FILTERED: []
SQL CREATED: 20200412_brightminds_university_913063c8e688fb5f4579_20200412174119_database.sql
SQL FILE SIZE: 872.94KB (893893)
SQL FILE TIME: 2020-04-12 17:41:37
SQL RUNTIME: 2.04 sec.

********************************************************************************
ARCHIVE (ZIP):
********************************************************************************
ARCHIVE DIR:  C:/Users/Karan Shah/Local Sites/brightmindsuniversity/app/public
ARCHIVE FILE: 20200412_brightminds_university_913063c8e688fb5f4579_20200412174119_archive.zip
FILTERS: *OFF*
DIRS:
	not set
FILES:
	not set
EXTS:  not set
----------------------------------------
COMPRESSING
SIZE:	94.7MB
STATS:	Dirs 384 | Files 2,991
SQL ADDED: 20200412_brightminds_university_913063c8e688fb5f4579_20200412174119_database.sql
ZipArchive Object
(
    [status] => 0
    [statusSys] => 0
    [numFiles] => 3375
    [filename] => C:\Users\Karan Shah\Local Sites\brightmindsuniversity\app\public\wp-snapshots\tmp\20200412_brightminds_university_913063c8e688fb5f4579_20200412174119_archive.zip
    [comment] => 
)

FILE ADDED TO ZIP: 3374
COMPRESSION RESULT: '1'
COMPRESSED SIZE: 54.15MB
ARCHIVE RUNTIME: 16.85 sec.
MEMORY STACK: 4MB
building installer
add_extra_files1
add_extra_files2
add_extra_files3
add_extra_files4
Doing archive file check
add_extra_files5
add_extra_files6
add_extra_files8
Successfully opened zip C:/Users/Karan Shah/Local Sites/brightmindsuniversity/app/public/wp-snapshots/tmp/20200412_brightminds_university_913063c8e688fb5f4579_20200412174119_archive.zip
Adding enhanced installer files to archive using ZipArchive
Installer files added to archive
Added to archive
After ziparchive close when adding installer

********************************************************************************
INTEGRITY CHECKS:
********************************************************************************
SQL FILE: 872.94KB
INSTALLER FILE: 60.54KB
ARCHIVE FILE: 55.47MB 
EXPECTED FILE/DIRECTORY COUNT: 3,375
ACTUAL FILE/DIRECTORY COUNT: 3,374
ARCHIVE CONSISTENCY TEST: Pass

********************************************************************************
RECORD ID:[1]
TOTAL PROCESS RUNTIME: 20.16 sec.
PEAK PHP MEMORY USED: 4MB
DONE PROCESSING => 20200412_brightminds_university April 12, 2020 5:41 pm

